<?xml version="1.0" encoding="UTF-8" ?>
<testsuite errors="0" failures="0" hostname="vdesktop695" name="com.test.ActionWd" skipped="0" tests="1" time="26.327" timestamp="2013-11-27T23:31:05">
  <properties>
    <property name="target" value="1.6" />
    <property name="ant.project.invoked-targets" value="jreport" />
    <property name="java.runtime.name" value="Java(TM) SE Runtime Environment" />
    <property name="debuglevel" value="source,lines,vars" />
    <property name="sun.boot.library.path" value="C:\Program Files\Java\jdk1.6.0_18\jre\bin" />
    <property name="java.vm.version" value="16.0-b13" />
    <property name="ant.library.dir" value="C:\selenium\apache-ant-1.9.2\lib" />
    <property name="ant.version" value="Apache Ant(TM) version 1.9.2 compiled on July 8 2013" />
    <property name="ant.java.version" value="1.6" />
    <property name="java.vm.vendor" value="Sun Microsystems Inc." />
    <property name="java.vendor.url" value="http://java.sun.com/" />
    <property name="path.separator" value=";" />
    <property name="java.vm.name" value="Java HotSpot(TM) Client VM" />
    <property name="file.encoding.pkg" value="sun.io" />
    <property name="user.country" value="CN" />
    <property name="sun.java.launcher" value="SUN_STANDARD" />
    <property name="sun.os.patch.level" value="Service Pack 3" />
    <property name="java.vm.specification.name" value="Java Virtual Machine Specification" />
    <property name="user.dir" value="C:\selenium\apache-ant-1.9.2\test" />
    <property name="java.runtime.version" value="1.6.0_18-b07" />
    <property name="java.awt.graphicsenv" value="sun.awt.Win32GraphicsEnvironment" />
    <property name="basedir" value="C:\selenium\apache-ant-1.9.2\test" />
    <property name="java.endorsed.dirs" value="C:\Program Files\Java\jdk1.6.0_18\jre\lib\endorsed" />
    <property name="os.arch" value="x86" />
    <property name="ant.project.default-target" value="jreport" />
    <property name="ant.file.type.ant_junit" value="file" />
    <property name="java.io.tmpdir" value="C:\DOCUME~1\geqa3\LOCALS~1\Temp\" />
    <property name="ant.core.lib" value="C:\selenium\apache-ant-1.9.2\lib\ant.jar" />
    <property name="line.separator" value="&#xd;&#xa;" />
    <property name="java.vm.specification.vendor" value="Sun Microsystems Inc." />
    <property name="user.variant" value="" />
    <property name="os.name" value="Windows XP" />
    <property name="ant.home" value="C:\selenium\apache-ant-1.9.2" />
    <property name="ant.project.name" value="ant_junit" />
    <property name="sun.jnu.encoding" value="GBK" />
    <property name="source" value="1.6" />
    <property name="java.library.path" value="C:\Program Files\Java\jdk1.6.0_18\jre\bin;.;C:\WINDOWS\Sun\Java\bin;C:\WINDOWS\system32;C:\WINDOWS;C:\STAF\bin;C:\WINDOWS\system32;C:\WINDOWS;C:\WINDOWS\System32\Wbem;C:\STAF\bin;C:\Program Files\Java\jdk1.6.0_18\bin;%%JAVA_HOME\jre\bin;C:\selenium\apache-ant-1.9.2\bin" />
    <property name="java.class.version" value="50.0" />
    <property name="java.specification.name" value="Java Platform API Specification" />
    <property name="sun.management.compiler" value="HotSpot Client Compiler" />
    <property name="os.version" value="5.1" />
    <property name="ant.file" value="C:\selenium\apache-ant-1.9.2\test\build.xml" />
    <property name="junit.output.dir" value="junit" />
    <property name="user.home" value="C:\Documents and Settings\geqa3" />
    <property name="user.timezone" value="" />
    <property name="java.awt.printerjob" value="sun.awt.windows.WPrinterJob" />
    <property name="java.specification.version" value="1.6" />
    <property name="file.encoding" value="GBK" />
    <property name="user.name" value="geqa3" />
    <property name="java.class.path" value="C:\selenium\apache-ant-1.9.2\test\bin;C:\selenium\apache-ant-1.9.2\test\bin\selenium-java-2.37.0.jar;C:\selenium\apache-ant-1.9.2\test\bin\junit-4.11.jar;C:\selenium\apache-ant-1.9.2\test\bin\selenium-server-standalone-2.37.0.jar;C:\STAF\samples\demo\STAFDemo.jar;C:\STAF\bin\JSTAF.jar;C:\Program Files\Java\jdk1.6.0_18\lib;C:\selenium\apache-ant-1.9.2\lib;C:\selenium\apache-ant-1.9.2\lib\junit-4.11.jar;C:\selenium\apache-ant-1.9.2\lib\ant-launcher.jar;C:\selenium\apache-ant-1.9.2\lib\ant.jar;C:\selenium\apache-ant-1.9.2\lib\ant-junit.jar;C:\selenium\apache-ant-1.9.2\lib\ant-junit4.jar" />
    <property name="ant.file.ant_junit" value="C:\selenium\apache-ant-1.9.2\test\build.xml" />
    <property name="java.vm.specification.version" value="1.0" />
    <property name="sun.arch.data.model" value="32" />
    <property name="java.home" value="C:\Program Files\Java\jdk1.6.0_18\jre" />
    <property name="java.specification.vendor" value="Sun Microsystems Inc." />
    <property name="user.language" value="zh" />
    <property name="awt.toolkit" value="sun.awt.windows.WToolkit" />
    <property name="java.vm.info" value="mixed mode, sharing" />
    <property name="java.version" value="1.6.0_18" />
    <property name="java.ext.dirs" value="C:\Program Files\Java\jdk1.6.0_18\jre\lib\ext;C:\WINDOWS\Sun\Java\lib\ext" />
    <property name="sun.boot.class.path" value="C:\Program Files\Java\jdk1.6.0_18\jre\lib\resources.jar;C:\Program Files\Java\jdk1.6.0_18\jre\lib\rt.jar;C:\Program Files\Java\jdk1.6.0_18\jre\lib\sunrsasign.jar;C:\Program Files\Java\jdk1.6.0_18\jre\lib\jsse.jar;C:\Program Files\Java\jdk1.6.0_18\jre\lib\jce.jar;C:\Program Files\Java\jdk1.6.0_18\jre\lib\charsets.jar;C:\Program Files\Java\jdk1.6.0_18\jre\classes" />
    <property name="java.vendor" value="Sun Microsystems Inc." />
    <property name="file.separator" value="\" />
    <property name="java.vendor.url.bug" value="http://java.sun.com/cgi-bin/bugreport.cgi" />
    <property name="sun.cpu.endian" value="little" />
    <property name="sun.io.unicode.encoding" value="UnicodeLittle" />
    <property name="ant.file.type" value="file" />
    <property name="sun.desktop" value="windows" />
    <property name="sun.cpu.isalist" value="pentium_pro+mmx pentium_pro pentium+mmx pentium i486 i386 i86" />
  </properties>
  <testcase classname="com.test.ActionWd" name="testActionWd" time="26.177" />
  <system-out><![CDATA[]]></system-out>
  <system-err><![CDATA[]]></system-err>
</testsuite>
